Build started 2-6-2015 11:11:35.
     1>Project "D:\Development\RP6\RP6Projects\unittesting\unittesting.vcxproj" on node 2 (Build target(s)).
     1>Build:
         .\assignment_leds\BUILDUPLOAD.bat
         make: *** No rule to make target 'all'.  Stop.
     1>C:\Program Files (x86)\MSBuild\Microsoft.Cpp\v4.0\V140\Microsoft.MakeFile.Targets(42,5): error MSB3073: The command ".\assignment_leds\BUILDUPLOAD.bat" exited with code 2.
     1>Done Building Project "D:\Development\RP6\RP6Projects\unittesting\unittesting.vcxproj" (Build target(s)) -- FAILED.

Build FAILED.

Time Elapsed 00:00:00.49
